{"C:\\progs\\Assassin\\ASSASSIN\\backend\\env.js": {"path":"C:\\progs\\Assassin\\ASSASSIN\\backend\\env.js","statementMap":{"0":{"start":{"line":1,"column":0},"end":{"line":3,"column":2}}},"fnMap":{},"branchMap":{},"s":{"0":1},"f":{},"b":{},"_coverageSchema":"1a1c01bbd47fc00a2c39e90264f33305004495a9","hash":"3720449b510022e3c0675a708369ad818bde238f"}
,"C:\\progs\\Assassin\\ASSASSIN\\backend\\index.js": {"path":"C:\\progs\\Assassin\\ASSASSIN\\backend\\index.js","statementMap":{"0":{"start":{"line":1,"column":16},"end":{"line":1,"column":34}},"1":{"start":{"line":2,"column":13},"end":{"line":2,"column":28}},"2":{"start":{"line":3,"column":15},"end":{"line":3,"column":34}},"3":{"start":{"line":4,"column":11},"end":{"line":4,"column":39}},"4":{"start":{"line":5,"column":15},"end":{"line":5,"column":55}},"5":{"start":{"line":6,"column":13},"end":{"line":6,"column":30}},"6":{"start":{"line":7,"column":18},"end":{"line":7,"column":47}},"7":{"start":{"line":9,"column":24},"end":{"line":9,"column":49}},"8":{"start":{"line":11,"column":12},"end":{"line":11,"column":21}},"9":{"start":{"line":12,"column":0},"end":{"line":12,"column":24}},"10":{"start":{"line":13,"column":0},"end":{"line":13,"column":68}},"11":{"start":{"line":14,"column":0},"end":{"line":14,"column":16}},"12":{"start":{"line":15,"column":0},"end":{"line":15,"column":20}},"13":{"start":{"line":18,"column":0},"end":{"line":18,"column":21}}},"fnMap":{},"branchMap":{},"s":{"0":1,"1":1,"2":1,"3":1,"4":1,"5":1,"6":1,"7":1,"8":1,"9":1,"10":1,"11":1,"12":1,"13":1},"f":{},"b":{},"_coverageSchema":"1a1c01bbd47fc00a2c39e90264f33305004495a9","hash":"1b5e76371b8f29db9d06b708c5b342a455f2149d"}
,"C:\\progs\\Assassin\\ASSASSIN\\backend\\controllers\\authController.js": {"path":"C:\\progs\\Assassin\\ASSASSIN\\backend\\controllers\\authController.js","statementMap":{"0":{"start":{"line":1,"column":17},"end":{"line":1,"column":36}},"1":{"start":{"line":2,"column":27},"end":{"line":2,"column":65}},"2":{"start":{"line":4,"column":23},"end":{"line":4,"column":60}},"3":{"start":{"line":5,"column":22},"end":{"line":5,"column":58}},"4":{"start":{"line":6,"column":20},"end":{"line":6,"column":54}},"5":{"start":{"line":8,"column":22},"end":{"line":13,"column":1}},"6":{"start":{"line":9,"column":4},"end":{"line":12,"column":7}},"7":{"start":{"line":15,"column":21},"end":{"line":39,"column":1}},"8":{"start":{"line":16,"column":4},"end":{"line":38,"column":23}},"9":{"start":{"line":17,"column":8},"end":{"line":21,"column":9}},"10":{"start":{"line":18,"column":12},"end":{"line":20,"column":15}},"11":{"start":{"line":23,"column":8},"end":{"line":37,"column":9}},"12":{"start":{"line":24,"column":32},"end":{"line":24,"column":64}},"13":{"start":{"line":25,"column":12},"end":{"line":29,"column":15}},"14":{"start":{"line":31,"column":32},"end":{"line":31,"column":62}},"15":{"start":{"line":32,"column":12},"end":{"line":36,"column":15}},"16":{"start":{"line":41,"column":23},"end":{"line":46,"column":1}},"17":{"start":{"line":42,"column":4},"end":{"line":45,"column":7}},"18":{"start":{"line":48,"column":33},"end":{"line":70,"column":1}},"19":{"start":{"line":49,"column":15},"end":{"line":49,"column":69}},"20":{"start":{"line":51,"column":4},"end":{"line":56,"column":5}},"21":{"start":{"line":52,"column":8},"end":{"line":55,"column":11}},"22":{"start":{"line":58,"column":19},"end":{"line":58,"column":47}},"23":{"start":{"line":60,"column":4},"end":{"line":60,"column":30}},"24":{"start":{"line":61,"column":4},"end":{"line":61,"column":16}},"25":{"start":{"line":62,"column":20},"end":{"line":62,"column":30}},"26":{"start":{"line":63,"column":4},"end":{"line":63,"column":70}},"27":{"start":{"line":64,"column":4},"end":{"line":69,"column":7}},"28":{"start":{"line":72,"column":25},"end":{"line":97,"column":1}},"29":{"start":{"line":73,"column":15},"end":{"line":73,"column":69}},"30":{"start":{"line":74,"column":4},"end":{"line":79,"column":5}},"31":{"start":{"line":75,"column":8},"end":{"line":78,"column":11}},"32":{"start":{"line":80,"column":18},"end":{"line":80,"column":52}},"33":{"start":{"line":82,"column":23},"end":{"line":82,"column":78}},"34":{"start":{"line":83,"column":4},"end":{"line":96,"column":5}},"35":{"start":{"line":84,"column":8},"end":{"line":87,"column":11}},"36":{"start":{"line":89,"column":8},"end":{"line":89,"column":33}},"37":{"start":{"line":90,"column":8},"end":{"line":90,"column":20}},"38":{"start":{"line":92,"column":8},"end":{"line":95,"column":11}},"39":{"start":{"line":99,"column":26},"end":{"line":126,"column":1}},"40":{"start":{"line":100,"column":38},"end":{"line":100,"column":42}},"41":{"start":{"line":101,"column":4},"end":{"line":109,"column":5}},"42":{"start":{"line":102,"column":39},"end":{"line":102,"column":103}},"43":{"start":{"line":103,"column":8},"end":{"line":103,"column":60}},"44":{"start":{"line":106,"column":8},"end":{"line":108,"column":11}},"45":{"start":{"line":110,"column":18},"end":{"line":110,"column":57}},"46":{"start":{"line":111,"column":17},"end":{"line":111,"column":113}},"47":{"start":{"line":113,"column":23},"end":{"line":113,"column":78}},"48":{"start":{"line":115,"column":4},"end":{"line":125,"column":5}},"49":{"start":{"line":116,"column":8},"end":{"line":118,"column":11}},"50":{"start":{"line":120,"column":28},"end":{"line":120,"column":60}},"51":{"start":{"line":121,"column":8},"end":{"line":124,"column":11}},"52":{"start":{"line":128,"column":26},"end":{"line":138,"column":1}},"53":{"start":{"line":129,"column":15},"end":{"line":129,"column":78}},"54":{"start":{"line":130,"column":4},"end":{"line":130,"column":30}},"55":{"start":{"line":131,"column":4},"end":{"line":131,"column":26}},"56":{"start":{"line":132,"column":4},"end":{"line":132,"column":22}},"57":{"start":{"line":134,"column":4},"end":{"line":137,"column":7}},"58":{"start":{"line":140,"column":21},"end":{"line":145,"column":1}},"59":{"start":{"line":141,"column":4},"end":{"line":144,"column":7}},"60":{"start":{"line":147,"column":20},"end":{"line":171,"column":1}},"61":{"start":{"line":148,"column":4},"end":{"line":170,"column":23}},"62":{"start":{"line":149,"column":8},"end":{"line":153,"column":9}},"63":{"start":{"line":150,"column":12},"end":{"line":152,"column":15}},"64":{"start":{"line":155,"column":8},"end":{"line":169,"column":9}},"65":{"start":{"line":156,"column":12},"end":{"line":156,"column":58}},"66":{"start":{"line":157,"column":12},"end":{"line":161,"column":15}},"67":{"start":{"line":163,"column":12},"end":{"line":163,"column":72}},"68":{"start":{"line":164,"column":12},"end":{"line":168,"column":15}},"69":{"start":{"line":173,"column":22},"end":{"line":178,"column":1}},"70":{"start":{"line":174,"column":4},"end":{"line":177,"column":7}},"71":{"start":{"line":180,"column":32},"end":{"line":202,"column":1}},"72":{"start":{"line":181,"column":17},"end":{"line":181,"column":69}},"73":{"start":{"line":183,"column":4},"end":{"line":188,"column":5}},"74":{"start":{"line":184,"column":8},"end":{"line":187,"column":11}},"75":{"start":{"line":190,"column":19},"end":{"line":190,"column":47}},"76":{"start":{"line":192,"column":4},"end":{"line":192,"column":30}},"77":{"start":{"line":193,"column":4},"end":{"line":193,"column":16}},"78":{"start":{"line":194,"column":20},"end":{"line":194,"column":30}},"79":{"start":{"line":196,"column":4},"end":{"line":201,"column":7}},"80":{"start":{"line":204,"column":24},"end":{"line":231,"column":1}},"81":{"start":{"line":205,"column":17},"end":{"line":205,"column":69}},"82":{"start":{"line":206,"column":4},"end":{"line":211,"column":5}},"83":{"start":{"line":207,"column":8},"end":{"line":210,"column":11}},"84":{"start":{"line":213,"column":18},"end":{"line":213,"column":52}},"85":{"start":{"line":215,"column":23},"end":{"line":215,"column":78}},"86":{"start":{"line":217,"column":4},"end":{"line":230,"column":5}},"87":{"start":{"line":218,"column":8},"end":{"line":221,"column":11}},"88":{"start":{"line":223,"column":8},"end":{"line":223,"column":33}},"89":{"start":{"line":224,"column":8},"end":{"line":224,"column":20}},"90":{"start":{"line":226,"column":8},"end":{"line":229,"column":11}},"91":{"start":{"line":233,"column":25},"end":{"line":259,"column":1}},"92":{"start":{"line":234,"column":38},"end":{"line":234,"column":42}},"93":{"start":{"line":235,"column":4},"end":{"line":242,"column":5}},"94":{"start":{"line":236,"column":8},"end":{"line":236,"column":102}},"95":{"start":{"line":239,"column":8},"end":{"line":241,"column":11}},"96":{"start":{"line":243,"column":18},"end":{"line":243,"column":57}},"97":{"start":{"line":244,"column":17},"end":{"line":244,"column":111}},"98":{"start":{"line":246,"column":23},"end":{"line":246,"column":78}},"99":{"start":{"line":248,"column":4},"end":{"line":258,"column":5}},"100":{"start":{"line":249,"column":8},"end":{"line":251,"column":11}},"101":{"start":{"line":253,"column":8},"end":{"line":253,"column":54}},"102":{"start":{"line":254,"column":8},"end":{"line":257,"column":11}},"103":{"start":{"line":261,"column":25},"end":{"line":271,"column":1}},"104":{"start":{"line":262,"column":15},"end":{"line":262,"column":76}},"105":{"start":{"line":263,"column":4},"end":{"line":263,"column":30}},"106":{"start":{"line":264,"column":4},"end":{"line":264,"column":26}},"107":{"start":{"line":265,"column":4},"end":{"line":265,"column":22}},"108":{"start":{"line":267,"column":4},"end":{"line":270,"column":7}},"109":{"start":{"line":273,"column":0},"end":{"line":288,"column":2}}},"fnMap":{"0":{"name":"(anonymous_0)","decl":{"start":{"line":8,"column":22},"end":{"line":8,"column":23}},"loc":{"start":{"line":8,"column":42},"end":{"line":13,"column":1}},"line":8},"1":{"name":"(anonymous_1)","decl":{"start":{"line":15,"column":21},"end":{"line":15,"column":22}},"loc":{"start":{"line":15,"column":47},"end":{"line":39,"column":1}},"line":15},"2":{"name":"(anonymous_2)","decl":{"start":{"line":16,"column":62},"end":{"line":16,"column":63}},"loc":{"start":{"line":16,"column":89},"end":{"line":38,"column":5}},"line":16},"3":{"name":"(anonymous_3)","decl":{"start":{"line":41,"column":23},"end":{"line":41,"column":24}},"loc":{"start":{"line":41,"column":43},"end":{"line":46,"column":1}},"line":41},"4":{"name":"(anonymous_4)","decl":{"start":{"line":48,"column":33},"end":{"line":48,"column":34}},"loc":{"start":{"line":48,"column":53},"end":{"line":70,"column":1}},"line":48},"5":{"name":"(anonymous_5)","decl":{"start":{"line":72,"column":25},"end":{"line":72,"column":26}},"loc":{"start":{"line":72,"column":45},"end":{"line":97,"column":1}},"line":72},"6":{"name":"(anonymous_6)","decl":{"start":{"line":99,"column":26},"end":{"line":99,"column":27}},"loc":{"start":{"line":99,"column":46},"end":{"line":126,"column":1}},"line":99},"7":{"name":"(anonymous_7)","decl":{"start":{"line":128,"column":26},"end":{"line":128,"column":27}},"loc":{"start":{"line":128,"column":46},"end":{"line":138,"column":1}},"line":128},"8":{"name":"(anonymous_8)","decl":{"start":{"line":140,"column":21},"end":{"line":140,"column":22}},"loc":{"start":{"line":140,"column":41},"end":{"line":145,"column":1}},"line":140},"9":{"name":"(anonymous_9)","decl":{"start":{"line":147,"column":20},"end":{"line":147,"column":21}},"loc":{"start":{"line":147,"column":46},"end":{"line":171,"column":1}},"line":147},"10":{"name":"(anonymous_10)","decl":{"start":{"line":148,"column":61},"end":{"line":148,"column":62}},"loc":{"start":{"line":148,"column":88},"end":{"line":170,"column":5}},"line":148},"11":{"name":"(anonymous_11)","decl":{"start":{"line":173,"column":22},"end":{"line":173,"column":23}},"loc":{"start":{"line":173,"column":42},"end":{"line":178,"column":1}},"line":173},"12":{"name":"(anonymous_12)","decl":{"start":{"line":180,"column":32},"end":{"line":180,"column":33}},"loc":{"start":{"line":180,"column":52},"end":{"line":202,"column":1}},"line":180},"13":{"name":"(anonymous_13)","decl":{"start":{"line":204,"column":24},"end":{"line":204,"column":25}},"loc":{"start":{"line":204,"column":44},"end":{"line":231,"column":1}},"line":204},"14":{"name":"(anonymous_14)","decl":{"start":{"line":233,"column":25},"end":{"line":233,"column":26}},"loc":{"start":{"line":233,"column":45},"end":{"line":259,"column":1}},"line":233},"15":{"name":"(anonymous_15)","decl":{"start":{"line":261,"column":25},"end":{"line":261,"column":26}},"loc":{"start":{"line":261,"column":45},"end":{"line":271,"column":1}},"line":261}},"branchMap":{"0":{"loc":{"start":{"line":17,"column":8},"end":{"line":21,"column":9}},"type":"if","locations":[{"start":{"line":17,"column":8},"end":{"line":21,"column":9}},{"start":{},"end":{}}],"line":17},"1":{"loc":{"start":{"line":17,"column":12},"end":{"line":17,"column":24}},"type":"binary-expr","locations":[{"start":{"line":17,"column":12},"end":{"line":17,"column":15}},{"start":{"line":17,"column":19},"end":{"line":17,"column":24}}],"line":17},"2":{"loc":{"start":{"line":23,"column":8},"end":{"line":37,"column":9}},"type":"if","locations":[{"start":{"line":23,"column":8},"end":{"line":37,"column":9}},{"start":{"line":30,"column":15},"end":{"line":37,"column":9}}],"line":23},"3":{"loc":{"start":{"line":51,"column":4},"end":{"line":56,"column":5}},"type":"if","locations":[{"start":{"line":51,"column":4},"end":{"line":56,"column":5}},{"start":{},"end":{}}],"line":51},"4":{"loc":{"start":{"line":74,"column":4},"end":{"line":79,"column":5}},"type":"if","locations":[{"start":{"line":74,"column":4},"end":{"line":79,"column":5}},{"start":{},"end":{}}],"line":74},"5":{"loc":{"start":{"line":83,"column":4},"end":{"line":96,"column":5}},"type":"if","locations":[{"start":{"line":83,"column":4},"end":{"line":96,"column":5}},{"start":{"line":88,"column":11},"end":{"line":96,"column":5}}],"line":83},"6":{"loc":{"start":{"line":115,"column":4},"end":{"line":125,"column":5}},"type":"if","locations":[{"start":{"line":115,"column":4},"end":{"line":125,"column":5}},{"start":{"line":119,"column":11},"end":{"line":125,"column":5}}],"line":115},"7":{"loc":{"start":{"line":149,"column":8},"end":{"line":153,"column":9}},"type":"if","locations":[{"start":{"line":149,"column":8},"end":{"line":153,"column":9}},{"start":{},"end":{}}],"line":149},"8":{"loc":{"start":{"line":149,"column":12},"end":{"line":149,"column":24}},"type":"binary-expr","locations":[{"start":{"line":149,"column":12},"end":{"line":149,"column":15}},{"start":{"line":149,"column":19},"end":{"line":149,"column":24}}],"line":149},"9":{"loc":{"start":{"line":155,"column":8},"end":{"line":169,"column":9}},"type":"if","locations":[{"start":{"line":155,"column":8},"end":{"line":169,"column":9}},{"start":{"line":162,"column":15},"end":{"line":169,"column":9}}],"line":155},"10":{"loc":{"start":{"line":183,"column":4},"end":{"line":188,"column":5}},"type":"if","locations":[{"start":{"line":183,"column":4},"end":{"line":188,"column":5}},{"start":{},"end":{}}],"line":183},"11":{"loc":{"start":{"line":206,"column":4},"end":{"line":211,"column":5}},"type":"if","locations":[{"start":{"line":206,"column":4},"end":{"line":211,"column":5}},{"start":{},"end":{}}],"line":206},"12":{"loc":{"start":{"line":217,"column":4},"end":{"line":230,"column":5}},"type":"if","locations":[{"start":{"line":217,"column":4},"end":{"line":230,"column":5}},{"start":{"line":222,"column":11},"end":{"line":230,"column":5}}],"line":217},"13":{"loc":{"start":{"line":248,"column":4},"end":{"line":258,"column":5}},"type":"if","locations":[{"start":{"line":248,"column":4},"end":{"line":258,"column":5}},{"start":{"line":252,"column":11},"end":{"line":258,"column":5}}],"line":248}},"s":{"0":1,"1":1,"2":1,"3":1,"4":1,"5":1,"6":0,"7":1,"8":0,"9":0,"10":0,"11":0,"12":0,"13":0,"14":0,"15":0,"16":1,"17":0,"18":1,"19":0,"20":0,"21":0,"22":0,"23":0,"24":0,"25":0,"26":0,"27":0,"28":1,"29":0,"30":0,"31":0,"32":0,"33":0,"34":0,"35":0,"36":0,"37":0,"38":0,"39":1,"40":0,"41":0,"42":0,"43":0,"44":0,"45":0,"46":0,"47":0,"48":0,"49":0,"50":0,"51":0,"52":1,"53":0,"54":0,"55":0,"56":0,"57":0,"58":1,"59":0,"60":1,"61":0,"62":0,"63":0,"64":0,"65":0,"66":0,"67":0,"68":0,"69":1,"70":0,"71":1,"72":0,"73":0,"74":0,"75":0,"76":0,"77":0,"78":0,"79":0,"80":1,"81":0,"82":0,"83":0,"84":0,"85":0,"86":0,"87":0,"88":0,"89":0,"90":0,"91":1,"92":0,"93":0,"94":0,"95":0,"96":0,"97":0,"98":0,"99":0,"100":0,"101":0,"102":0,"103":1,"104":0,"105":0,"106":0,"107":0,"108":0,"109":1},"f":{"0":0,"1":0,"2":0,"3":0,"4":0,"5":0,"6":0,"7":0,"8":0,"9":0,"10":0,"11":0,"12":0,"13":0,"14":0,"15":0},"b":{"0":[0,0],"1":[0,0],"2":[0,0],"3":[0,0],"4":[0,0],"5":[0,0],"6":[0,0],"7":[0,0],"8":[0,0],"9":[0,0],"10":[0,0],"11":[0,0],"12":[0,0],"13":[0,0]},"_coverageSchema":"1a1c01bbd47fc00a2c39e90264f33305004495a9","hash":"607216d092ab9c69f174a15168c1ae8473051f9b"}
,"C:\\progs\\Assassin\\ASSASSIN\\backend\\controllers\\doctorController.js": {"path":"C:\\progs\\Assassin\\ASSASSIN\\backend\\controllers\\doctorController.js","statementMap":{"0":{"start":{"line":1,"column":22},"end":{"line":1,"column":58}},"1":{"start":{"line":3,"column":21},"end":{"line":21,"column":1}},"2":{"start":{"line":4,"column":4},"end":{"line":20,"column":5}},"3":{"start":{"line":5,"column":26},"end":{"line":5,"column":34}},"4":{"start":{"line":7,"column":21},"end":{"line":7,"column":70}},"5":{"start":{"line":9,"column":8},"end":{"line":13,"column":9}},"6":{"start":{"line":10,"column":12},"end":{"line":10,"column":64}},"7":{"start":{"line":12,"column":12},"end":{"line":12,"column":37}},"8":{"start":{"line":15,"column":8},"end":{"line":15,"column":28}},"9":{"start":{"line":16,"column":8},"end":{"line":16,"column":92}},"10":{"start":{"line":18,"column":8},"end":{"line":18,"column":29}},"11":{"start":{"line":19,"column":8},"end":{"line":19,"column":67}},"12":{"start":{"line":23,"column":22},"end":{"line":31,"column":1}},"13":{"start":{"line":24,"column":4},"end":{"line":30,"column":5}},"14":{"start":{"line":25,"column":24},"end":{"line":25,"column":59}},"15":{"start":{"line":26,"column":8},"end":{"line":26,"column":26}},"16":{"start":{"line":28,"column":8},"end":{"line":28,"column":29}},"17":{"start":{"line":29,"column":8},"end":{"line":29,"column":67}},"18":{"start":{"line":33,"column":22},"end":{"line":45,"column":1}},"19":{"start":{"line":34,"column":4},"end":{"line":44,"column":5}},"20":{"start":{"line":35,"column":25},"end":{"line":35,"column":38}},"21":{"start":{"line":36,"column":23},"end":{"line":36,"column":66}},"22":{"start":{"line":37,"column":8},"end":{"line":39,"column":9}},"23":{"start":{"line":38,"column":12},"end":{"line":38,"column":73}},"24":{"start":{"line":40,"column":8},"end":{"line":40,"column":24}},"25":{"start":{"line":42,"column":8},"end":{"line":42,"column":29}},"26":{"start":{"line":43,"column":8},"end":{"line":43,"column":67}},"27":{"start":{"line":47,"column":21},"end":{"line":59,"column":1}},"28":{"start":{"line":48,"column":4},"end":{"line":58,"column":5}},"29":{"start":{"line":49,"column":25},"end":{"line":49,"column":38}},"30":{"start":{"line":50,"column":30},"end":{"line":50,"column":66}},"31":{"start":{"line":51,"column":8},"end":{"line":53,"column":9}},"32":{"start":{"line":52,"column":12},"end":{"line":52,"column":73}},"33":{"start":{"line":54,"column":8},"end":{"line":54,"column":75}},"34":{"start":{"line":56,"column":8},"end":{"line":56,"column":29}},"35":{"start":{"line":57,"column":8},"end":{"line":57,"column":67}},"36":{"start":{"line":61,"column":19},"end":{"line":80,"column":1}},"37":{"start":{"line":62,"column":4},"end":{"line":79,"column":5}},"38":{"start":{"line":63,"column":25},"end":{"line":63,"column":38}},"39":{"start":{"line":64,"column":27},"end":{"line":64,"column":35}},"40":{"start":{"line":66,"column":21},"end":{"line":66,"column":64}},"41":{"start":{"line":67,"column":8},"end":{"line":69,"column":9}},"42":{"start":{"line":68,"column":12},"end":{"line":68,"column":73}},"43":{"start":{"line":71,"column":8},"end":{"line":71,"column":51}},"44":{"start":{"line":73,"column":8},"end":{"line":73,"column":28}},"45":{"start":{"line":75,"column":8},"end":{"line":75,"column":69}},"46":{"start":{"line":77,"column":8},"end":{"line":77,"column":29}},"47":{"start":{"line":78,"column":8},"end":{"line":78,"column":67}},"48":{"start":{"line":82,"column":0},"end":{"line":88,"column":1}}},"fnMap":{"0":{"name":"(anonymous_0)","decl":{"start":{"line":3,"column":21},"end":{"line":3,"column":22}},"loc":{"start":{"line":3,"column":41},"end":{"line":21,"column":1}},"line":3},"1":{"name":"(anonymous_1)","decl":{"start":{"line":23,"column":22},"end":{"line":23,"column":23}},"loc":{"start":{"line":23,"column":42},"end":{"line":31,"column":1}},"line":23},"2":{"name":"(anonymous_2)","decl":{"start":{"line":33,"column":22},"end":{"line":33,"column":23}},"loc":{"start":{"line":33,"column":42},"end":{"line":45,"column":1}},"line":33},"3":{"name":"(anonymous_3)","decl":{"start":{"line":47,"column":21},"end":{"line":47,"column":22}},"loc":{"start":{"line":47,"column":41},"end":{"line":59,"column":1}},"line":47},"4":{"name":"(anonymous_4)","decl":{"start":{"line":61,"column":19},"end":{"line":61,"column":20}},"loc":{"start":{"line":61,"column":39},"end":{"line":80,"column":1}},"line":61}},"branchMap":{"0":{"loc":{"start":{"line":9,"column":8},"end":{"line":13,"column":9}},"type":"if","locations":[{"start":{"line":9,"column":8},"end":{"line":13,"column":9}},{"start":{"line":11,"column":15},"end":{"line":13,"column":9}}],"line":9},"1":{"loc":{"start":{"line":37,"column":8},"end":{"line":39,"column":9}},"type":"if","locations":[{"start":{"line":37,"column":8},"end":{"line":39,"column":9}},{"start":{},"end":{}}],"line":37},"2":{"loc":{"start":{"line":51,"column":8},"end":{"line":53,"column":9}},"type":"if","locations":[{"start":{"line":51,"column":8},"end":{"line":53,"column":9}},{"start":{},"end":{}}],"line":51},"3":{"loc":{"start":{"line":67,"column":8},"end":{"line":69,"column":9}},"type":"if","locations":[{"start":{"line":67,"column":8},"end":{"line":69,"column":9}},{"start":{},"end":{}}],"line":67},"4":{"loc":{"start":{"line":71,"column":25},"end":{"line":71,"column":50}},"type":"binary-expr","locations":[{"start":{"line":71,"column":25},"end":{"line":71,"column":32}},{"start":{"line":71,"column":36},"end":{"line":71,"column":50}}],"line":71}},"s":{"0":1,"1":1,"2":0,"3":0,"4":0,"5":0,"6":0,"7":0,"8":0,"9":0,"10":0,"11":0,"12":1,"13":0,"14":0,"15":0,"16":0,"17":0,"18":1,"19":0,"20":0,"21":0,"22":0,"23":0,"24":0,"25":0,"26":0,"27":1,"28":0,"29":0,"30":0,"31":0,"32":0,"33":0,"34":0,"35":0,"36":1,"37":0,"38":0,"39":0,"40":0,"41":0,"42":0,"43":0,"44":0,"45":0,"46":0,"47":0,"48":1},"f":{"0":0,"1":0,"2":0,"3":0,"4":0},"b":{"0":[0,0],"1":[0,0],"2":[0,0],"3":[0,0],"4":[0,0]},"_coverageSchema":"1a1c01bbd47fc00a2c39e90264f33305004495a9","hash":"97550200d7a28ec1d91b3b4edcef682d77172bef"}
,"C:\\progs\\Assassin\\ASSASSIN\\backend\\controllers\\hospitalController.js": {"path":"C:\\progs\\Assassin\\ASSASSIN\\backend\\controllers\\hospitalController.js","statementMap":{"0":{"start":{"line":1,"column":24},"end":{"line":1,"column":62}},"1":{"start":{"line":2,"column":20},"end":{"line":2,"column":54}},"2":{"start":{"line":4,"column":20},"end":{"line":14,"column":1}},"3":{"start":{"line":5,"column":4},"end":{"line":13,"column":5}},"4":{"start":{"line":6,"column":29},"end":{"line":6,"column":37}},"5":{"start":{"line":7,"column":25},"end":{"line":7,"column":75}},"6":{"start":{"line":8,"column":8},"end":{"line":8,"column":30}},"7":{"start":{"line":9,"column":8},"end":{"line":9,"column":85}},"8":{"start":{"line":11,"column":8},"end":{"line":11,"column":29}},"9":{"start":{"line":12,"column":8},"end":{"line":12,"column":67}},"10":{"start":{"line":16,"column":24},"end":{"line":24,"column":1}},"11":{"start":{"line":17,"column":4},"end":{"line":23,"column":5}},"12":{"start":{"line":18,"column":26},"end":{"line":18,"column":65}},"13":{"start":{"line":19,"column":8},"end":{"line":19,"column":44}},"14":{"start":{"line":21,"column":8},"end":{"line":21,"column":29}},"15":{"start":{"line":22,"column":8},"end":{"line":22,"column":67}},"16":{"start":{"line":26,"column":24},"end":{"line":38,"column":1}},"17":{"start":{"line":27,"column":4},"end":{"line":37,"column":5}},"18":{"start":{"line":28,"column":27},"end":{"line":28,"column":48}},"19":{"start":{"line":29,"column":25},"end":{"line":29,"column":74}},"20":{"start":{"line":30,"column":8},"end":{"line":32,"column":9}},"21":{"start":{"line":31,"column":12},"end":{"line":31,"column":75}},"22":{"start":{"line":33,"column":8},"end":{"line":33,"column":43}},"23":{"start":{"line":35,"column":8},"end":{"line":35,"column":29}},"24":{"start":{"line":36,"column":8},"end":{"line":36,"column":67}},"25":{"start":{"line":40,"column":23},"end":{"line":52,"column":1}},"26":{"start":{"line":41,"column":4},"end":{"line":51,"column":5}},"27":{"start":{"line":42,"column":27},"end":{"line":42,"column":48}},"28":{"start":{"line":43,"column":32},"end":{"line":43,"column":80}},"29":{"start":{"line":44,"column":8},"end":{"line":46,"column":9}},"30":{"start":{"line":45,"column":12},"end":{"line":45,"column":75}},"31":{"start":{"line":47,"column":8},"end":{"line":47,"column":102}},"32":{"start":{"line":49,"column":8},"end":{"line":49,"column":29}},"33":{"start":{"line":50,"column":8},"end":{"line":50,"column":67}},"34":{"start":{"line":54,"column":21},"end":{"line":67,"column":1}},"35":{"start":{"line":55,"column":4},"end":{"line":66,"column":5}},"36":{"start":{"line":56,"column":27},"end":{"line":56,"column":40}},"37":{"start":{"line":57,"column":29},"end":{"line":57,"column":37}},"38":{"start":{"line":58,"column":25},"end":{"line":58,"column":85}},"39":{"start":{"line":59,"column":8},"end":{"line":61,"column":9}},"40":{"start":{"line":60,"column":12},"end":{"line":60,"column":75}},"41":{"start":{"line":62,"column":8},"end":{"line":62,"column":73}},"42":{"start":{"line":64,"column":8},"end":{"line":64,"column":29}},"43":{"start":{"line":65,"column":8},"end":{"line":65,"column":67}},"44":{"start":{"line":69,"column":0},"end":{"line":75,"column":2}}},"fnMap":{"0":{"name":"(anonymous_0)","decl":{"start":{"line":4,"column":20},"end":{"line":4,"column":21}},"loc":{"start":{"line":4,"column":40},"end":{"line":14,"column":1}},"line":4},"1":{"name":"(anonymous_1)","decl":{"start":{"line":16,"column":24},"end":{"line":16,"column":25}},"loc":{"start":{"line":16,"column":44},"end":{"line":24,"column":1}},"line":16},"2":{"name":"(anonymous_2)","decl":{"start":{"line":26,"column":24},"end":{"line":26,"column":25}},"loc":{"start":{"line":26,"column":44},"end":{"line":38,"column":1}},"line":26},"3":{"name":"(anonymous_3)","decl":{"start":{"line":40,"column":23},"end":{"line":40,"column":24}},"loc":{"start":{"line":40,"column":43},"end":{"line":52,"column":1}},"line":40},"4":{"name":"(anonymous_4)","decl":{"start":{"line":54,"column":21},"end":{"line":54,"column":22}},"loc":{"start":{"line":54,"column":41},"end":{"line":67,"column":1}},"line":54}},"branchMap":{"0":{"loc":{"start":{"line":30,"column":8},"end":{"line":32,"column":9}},"type":"if","locations":[{"start":{"line":30,"column":8},"end":{"line":32,"column":9}},{"start":{},"end":{}}],"line":30},"1":{"loc":{"start":{"line":44,"column":8},"end":{"line":46,"column":9}},"type":"if","locations":[{"start":{"line":44,"column":8},"end":{"line":46,"column":9}},{"start":{},"end":{}}],"line":44},"2":{"loc":{"start":{"line":59,"column":8},"end":{"line":61,"column":9}},"type":"if","locations":[{"start":{"line":59,"column":8},"end":{"line":61,"column":9}},{"start":{},"end":{}}],"line":59}},"s":{"0":1,"1":1,"2":1,"3":4,"4":4,"5":4,"6":4,"7":4,"8":0,"9":0,"10":1,"11":1,"12":1,"13":1,"14":0,"15":0,"16":1,"17":3,"18":3,"19":3,"20":3,"21":1,"22":2,"23":0,"24":0,"25":1,"26":2,"27":2,"28":2,"29":2,"30":0,"31":2,"32":0,"33":0,"34":1,"35":1,"36":1,"37":1,"38":1,"39":1,"40":0,"41":1,"42":0,"43":0,"44":1},"f":{"0":4,"1":1,"2":3,"3":2,"4":1},"b":{"0":[1,2],"1":[0,2],"2":[0,1]},"_coverageSchema":"1a1c01bbd47fc00a2c39e90264f33305004495a9","hash":"d71420af90ce6c9bf5980ce20cdcbe54fefcdd46"}
,"C:\\progs\\Assassin\\ASSASSIN\\backend\\controllers\\orderController.js": {"path":"C:\\progs\\Assassin\\ASSASSIN\\backend\\controllers\\orderController.js","statementMap":{"0":{"start":{"line":1,"column":21},"end":{"line":1,"column":56}},"1":{"start":{"line":3,"column":20},"end":{"line":26,"column":1}},"2":{"start":{"line":4,"column":4},"end":{"line":25,"column":5}},"3":{"start":{"line":5,"column":55},"end":{"line":5,"column":63}},"4":{"start":{"line":7,"column":8},"end":{"line":11,"column":9}},"5":{"start":{"line":10,"column":12},"end":{"line":10,"column":114}},"6":{"start":{"line":13,"column":25},"end":{"line":13,"column":95}},"7":{"start":{"line":14,"column":8},"end":{"line":14,"column":30}},"8":{"start":{"line":16,"column":8},"end":{"line":19,"column":11}},"9":{"start":{"line":21,"column":8},"end":{"line":21,"column":29}},"10":{"start":{"line":22,"column":8},"end":{"line":24,"column":11}},"11":{"start":{"line":28,"column":21},"end":{"line":49,"column":1}},"12":{"start":{"line":29,"column":4},"end":{"line":48,"column":5}},"13":{"start":{"line":30,"column":24},"end":{"line":30,"column":49}},"14":{"start":{"line":32,"column":22},"end":{"line":32,"column":62}},"15":{"start":{"line":33,"column":8},"end":{"line":37,"column":9}},"16":{"start":{"line":34,"column":12},"end":{"line":36,"column":15}},"17":{"start":{"line":39,"column":8},"end":{"line":42,"column":11}},"18":{"start":{"line":44,"column":8},"end":{"line":44,"column":29}},"19":{"start":{"line":45,"column":8},"end":{"line":47,"column":11}},"20":{"start":{"line":51,"column":24},"end":{"line":73,"column":1}},"21":{"start":{"line":52,"column":4},"end":{"line":72,"column":5}},"22":{"start":{"line":53,"column":24},"end":{"line":53,"column":42}},"23":{"start":{"line":55,"column":29},"end":{"line":55,"column":68}},"24":{"start":{"line":57,"column":8},"end":{"line":61,"column":9}},"25":{"start":{"line":58,"column":12},"end":{"line":60,"column":15}},"26":{"start":{"line":63,"column":8},"end":{"line":66,"column":11}},"27":{"start":{"line":68,"column":8},"end":{"line":68,"column":29}},"28":{"start":{"line":69,"column":8},"end":{"line":71,"column":11}},"29":{"start":{"line":75,"column":18},"end":{"line":103,"column":1}},"30":{"start":{"line":76,"column":4},"end":{"line":102,"column":5}},"31":{"start":{"line":77,"column":24},"end":{"line":77,"column":49}},"32":{"start":{"line":79,"column":28},"end":{"line":79,"column":62}},"33":{"start":{"line":81,"column":8},"end":{"line":85,"column":9}},"34":{"start":{"line":82,"column":12},"end":{"line":84,"column":15}},"35":{"start":{"line":87,"column":55},"end":{"line":87,"column":63}},"36":{"start":{"line":89,"column":8},"end":{"line":89,"column":107}},"37":{"start":{"line":90,"column":8},"end":{"line":90,"column":35}},"38":{"start":{"line":92,"column":8},"end":{"line":95,"column":11}},"39":{"start":{"line":98,"column":8},"end":{"line":98,"column":29}},"40":{"start":{"line":99,"column":8},"end":{"line":101,"column":11}},"41":{"start":{"line":105,"column":0},"end":{"line":110,"column":2}}},"fnMap":{"0":{"name":"(anonymous_0)","decl":{"start":{"line":3,"column":20},"end":{"line":3,"column":21}},"loc":{"start":{"line":3,"column":40},"end":{"line":26,"column":1}},"line":3},"1":{"name":"(anonymous_1)","decl":{"start":{"line":28,"column":21},"end":{"line":28,"column":22}},"loc":{"start":{"line":28,"column":41},"end":{"line":49,"column":1}},"line":28},"2":{"name":"(anonymous_2)","decl":{"start":{"line":51,"column":24},"end":{"line":51,"column":25}},"loc":{"start":{"line":51,"column":44},"end":{"line":73,"column":1}},"line":51},"3":{"name":"(anonymous_3)","decl":{"start":{"line":75,"column":18},"end":{"line":75,"column":19}},"loc":{"start":{"line":75,"column":38},"end":{"line":103,"column":1}},"line":75}},"branchMap":{"0":{"loc":{"start":{"line":7,"column":8},"end":{"line":11,"column":9}},"type":"if","locations":[{"start":{"line":7,"column":8},"end":{"line":11,"column":9}},{"start":{},"end":{}}],"line":7},"1":{"loc":{"start":{"line":7,"column":12},"end":{"line":9,"column":49}},"type":"binary-expr","locations":[{"start":{"line":7,"column":12},"end":{"line":7,"column":50}},{"start":{"line":8,"column":12},"end":{"line":8,"column":48}},{"start":{"line":9,"column":12},"end":{"line":9,"column":49}}],"line":7},"2":{"loc":{"start":{"line":33,"column":8},"end":{"line":37,"column":9}},"type":"if","locations":[{"start":{"line":33,"column":8},"end":{"line":37,"column":9}},{"start":{},"end":{}}],"line":33},"3":{"loc":{"start":{"line":57,"column":8},"end":{"line":61,"column":9}},"type":"if","locations":[{"start":{"line":57,"column":8},"end":{"line":61,"column":9}},{"start":{},"end":{}}],"line":57},"4":{"loc":{"start":{"line":81,"column":8},"end":{"line":85,"column":9}},"type":"if","locations":[{"start":{"line":81,"column":8},"end":{"line":85,"column":9}},{"start":{},"end":{}}],"line":81}},"s":{"0":1,"1":1,"2":0,"3":0,"4":0,"5":0,"6":0,"7":0,"8":0,"9":0,"10":0,"11":1,"12":0,"13":0,"14":0,"15":0,"16":0,"17":0,"18":0,"19":0,"20":1,"21":0,"22":0,"23":0,"24":0,"25":0,"26":0,"27":0,"28":0,"29":1,"30":0,"31":0,"32":0,"33":0,"34":0,"35":0,"36":0,"37":0,"38":0,"39":0,"40":0,"41":1},"f":{"0":0,"1":0,"2":0,"3":0},"b":{"0":[0,0],"1":[0,0,0],"2":[0,0],"3":[0,0],"4":[0,0]},"_coverageSchema":"1a1c01bbd47fc00a2c39e90264f33305004495a9","hash":"f9bd94ec2844330d01e7205adfa9070e76ea9e25"}
,"C:\\progs\\Assassin\\ASSASSIN\\backend\\controllers\\patientController.js": {"path":"C:\\progs\\Assassin\\ASSASSIN\\backend\\controllers\\patientController.js","statementMap":{"0":{"start":{"line":1,"column":23},"end":{"line":1,"column":60}},"1":{"start":{"line":2,"column":20},"end":{"line":2,"column":54}},"2":{"start":{"line":4,"column":22},"end":{"line":27,"column":1}},"3":{"start":{"line":5,"column":4},"end":{"line":26,"column":5}},"4":{"start":{"line":6,"column":42},"end":{"line":6,"column":50}},"5":{"start":{"line":8,"column":8},"end":{"line":10,"column":9}},"6":{"start":{"line":9,"column":12},"end":{"line":9,"column":108}},"7":{"start":{"line":12,"column":30},"end":{"line":12,"column":88}},"8":{"start":{"line":14,"column":8},"end":{"line":22,"column":9}},"9":{"start":{"line":15,"column":12},"end":{"line":15,"column":82}},"10":{"start":{"line":16,"column":31},"end":{"line":16,"column":92}},"11":{"start":{"line":18,"column":12},"end":{"line":18,"column":36}},"12":{"start":{"line":19,"column":12},"end":{"line":19,"column":106}},"13":{"start":{"line":21,"column":12},"end":{"line":21,"column":105}},"14":{"start":{"line":24,"column":8},"end":{"line":24,"column":29}},"15":{"start":{"line":25,"column":8},"end":{"line":25,"column":67}},"16":{"start":{"line":29,"column":23},"end":{"line":47,"column":1}},"17":{"start":{"line":30,"column":4},"end":{"line":46,"column":5}},"18":{"start":{"line":31,"column":26},"end":{"line":31,"column":39}},"19":{"start":{"line":33,"column":8},"end":{"line":35,"column":9}},"20":{"start":{"line":34,"column":12},"end":{"line":34,"column":96}},"21":{"start":{"line":36,"column":24},"end":{"line":36,"column":70}},"22":{"start":{"line":38,"column":8},"end":{"line":40,"column":9}},"23":{"start":{"line":39,"column":12},"end":{"line":39,"column":74}},"24":{"start":{"line":42,"column":8},"end":{"line":42,"column":26}},"25":{"start":{"line":44,"column":8},"end":{"line":44,"column":29}},"26":{"start":{"line":45,"column":8},"end":{"line":45,"column":67}},"27":{"start":{"line":49,"column":23},"end":{"line":57,"column":1}},"28":{"start":{"line":50,"column":4},"end":{"line":56,"column":5}},"29":{"start":{"line":51,"column":25},"end":{"line":51,"column":62}},"30":{"start":{"line":52,"column":8},"end":{"line":52,"column":27}},"31":{"start":{"line":54,"column":8},"end":{"line":54,"column":29}},"32":{"start":{"line":55,"column":8},"end":{"line":55,"column":67}},"33":{"start":{"line":59,"column":22},"end":{"line":78,"column":1}},"34":{"start":{"line":60,"column":4},"end":{"line":77,"column":5}},"35":{"start":{"line":61,"column":26},"end":{"line":61,"column":39}},"36":{"start":{"line":63,"column":8},"end":{"line":65,"column":9}},"37":{"start":{"line":64,"column":12},"end":{"line":64,"column":96}},"38":{"start":{"line":67,"column":31},"end":{"line":67,"column":76}},"39":{"start":{"line":69,"column":8},"end":{"line":71,"column":9}},"40":{"start":{"line":70,"column":12},"end":{"line":70,"column":74}},"41":{"start":{"line":73,"column":8},"end":{"line":73,"column":87}},"42":{"start":{"line":75,"column":8},"end":{"line":75,"column":29}},"43":{"start":{"line":76,"column":8},"end":{"line":76,"column":67}},"44":{"start":{"line":80,"column":20},"end":{"line":108,"column":1}},"45":{"start":{"line":81,"column":4},"end":{"line":107,"column":5}},"46":{"start":{"line":82,"column":26},"end":{"line":82,"column":39}},"47":{"start":{"line":84,"column":8},"end":{"line":86,"column":9}},"48":{"start":{"line":85,"column":12},"end":{"line":85,"column":96}},"49":{"start":{"line":88,"column":30},"end":{"line":88,"column":76}},"50":{"start":{"line":89,"column":8},"end":{"line":91,"column":9}},"51":{"start":{"line":90,"column":12},"end":{"line":90,"column":74}},"52":{"start":{"line":93,"column":42},"end":{"line":93,"column":50}},"53":{"start":{"line":94,"column":8},"end":{"line":94,"column":78}},"54":{"start":{"line":96,"column":37},"end":{"line":96,"column":95}},"55":{"start":{"line":97,"column":8},"end":{"line":99,"column":9}},"56":{"start":{"line":98,"column":12},"end":{"line":98,"column":95}},"57":{"start":{"line":101,"column":31},"end":{"line":101,"column":103}},"58":{"start":{"line":102,"column":8},"end":{"line":102,"column":30}},"59":{"start":{"line":103,"column":8},"end":{"line":103,"column":87}},"60":{"start":{"line":105,"column":8},"end":{"line":105,"column":29}},"61":{"start":{"line":106,"column":8},"end":{"line":106,"column":67}},"62":{"start":{"line":110,"column":0},"end":{"line":116,"column":2}}},"fnMap":{"0":{"name":"(anonymous_0)","decl":{"start":{"line":4,"column":22},"end":{"line":4,"column":23}},"loc":{"start":{"line":4,"column":42},"end":{"line":27,"column":1}},"line":4},"1":{"name":"(anonymous_1)","decl":{"start":{"line":29,"column":23},"end":{"line":29,"column":24}},"loc":{"start":{"line":29,"column":43},"end":{"line":47,"column":1}},"line":29},"2":{"name":"(anonymous_2)","decl":{"start":{"line":49,"column":23},"end":{"line":49,"column":24}},"loc":{"start":{"line":49,"column":43},"end":{"line":57,"column":1}},"line":49},"3":{"name":"(anonymous_3)","decl":{"start":{"line":59,"column":22},"end":{"line":59,"column":23}},"loc":{"start":{"line":59,"column":42},"end":{"line":78,"column":1}},"line":59},"4":{"name":"(anonymous_4)","decl":{"start":{"line":80,"column":20},"end":{"line":80,"column":21}},"loc":{"start":{"line":80,"column":40},"end":{"line":108,"column":1}},"line":80}},"branchMap":{"0":{"loc":{"start":{"line":8,"column":8},"end":{"line":10,"column":9}},"type":"if","locations":[{"start":{"line":8,"column":8},"end":{"line":10,"column":9}},{"start":{},"end":{}}],"line":8},"1":{"loc":{"start":{"line":8,"column":12},"end":{"line":8,"column":62}},"type":"binary-expr","locations":[{"start":{"line":8,"column":12},"end":{"line":8,"column":21}},{"start":{"line":8,"column":25},"end":{"line":8,"column":40}},{"start":{"line":8,"column":44},"end":{"line":8,"column":62}}],"line":8},"2":{"loc":{"start":{"line":14,"column":8},"end":{"line":22,"column":9}},"type":"if","locations":[{"start":{"line":14,"column":8},"end":{"line":22,"column":9}},{"start":{"line":20,"column":15},"end":{"line":22,"column":9}}],"line":14},"3":{"loc":{"start":{"line":33,"column":8},"end":{"line":35,"column":9}},"type":"if","locations":[{"start":{"line":33,"column":8},"end":{"line":35,"column":9}},{"start":{},"end":{}}],"line":33},"4":{"loc":{"start":{"line":38,"column":8},"end":{"line":40,"column":9}},"type":"if","locations":[{"start":{"line":38,"column":8},"end":{"line":40,"column":9}},{"start":{},"end":{}}],"line":38},"5":{"loc":{"start":{"line":63,"column":8},"end":{"line":65,"column":9}},"type":"if","locations":[{"start":{"line":63,"column":8},"end":{"line":65,"column":9}},{"start":{},"end":{}}],"line":63},"6":{"loc":{"start":{"line":69,"column":8},"end":{"line":71,"column":9}},"type":"if","locations":[{"start":{"line":69,"column":8},"end":{"line":71,"column":9}},{"start":{},"end":{}}],"line":69},"7":{"loc":{"start":{"line":84,"column":8},"end":{"line":86,"column":9}},"type":"if","locations":[{"start":{"line":84,"column":8},"end":{"line":86,"column":9}},{"start":{},"end":{}}],"line":84},"8":{"loc":{"start":{"line":89,"column":8},"end":{"line":91,"column":9}},"type":"if","locations":[{"start":{"line":89,"column":8},"end":{"line":91,"column":9}},{"start":{},"end":{}}],"line":89},"9":{"loc":{"start":{"line":97,"column":8},"end":{"line":99,"column":9}},"type":"if","locations":[{"start":{"line":97,"column":8},"end":{"line":99,"column":9}},{"start":{},"end":{}}],"line":97}},"s":{"0":1,"1":1,"2":1,"3":0,"4":0,"5":0,"6":0,"7":0,"8":0,"9":0,"10":0,"11":0,"12":0,"13":0,"14":0,"15":0,"16":1,"17":0,"18":0,"19":0,"20":0,"21":0,"22":0,"23":0,"24":0,"25":0,"26":0,"27":1,"28":0,"29":0,"30":0,"31":0,"32":0,"33":1,"34":0,"35":0,"36":0,"37":0,"38":0,"39":0,"40":0,"41":0,"42":0,"43":0,"44":1,"45":0,"46":0,"47":0,"48":0,"49":0,"50":0,"51":0,"52":0,"53":0,"54":0,"55":0,"56":0,"57":0,"58":0,"59":0,"60":0,"61":0,"62":1},"f":{"0":0,"1":0,"2":0,"3":0,"4":0},"b":{"0":[0,0],"1":[0,0,0],"2":[0,0],"3":[0,0],"4":[0,0],"5":[0,0],"6":[0,0],"7":[0,0],"8":[0,0],"9":[0,0]},"_coverageSchema":"1a1c01bbd47fc00a2c39e90264f33305004495a9","hash":"b14920da354e1cd5fcff47ae5fe142ac97e71cdf"}
,"C:\\progs\\Assassin\\ASSASSIN\\backend\\db\\dbConnection.js": {"path":"C:\\progs\\Assassin\\ASSASSIN\\backend\\db\\dbConnection.js","statementMap":{"0":{"start":{"line":1,"column":17},"end":{"line":1,"column":36}},"1":{"start":{"line":3,"column":0},"end":{"line":3,"column":99}},"2":{"start":{"line":4,"column":11},"end":{"line":4,"column":30}},"3":{"start":{"line":6,"column":0},"end":{"line":9,"column":3}},"4":{"start":{"line":7,"column":4},"end":{"line":7,"column":51}},"5":{"start":{"line":8,"column":4},"end":{"line":8,"column":20}},"6":{"start":{"line":11,"column":0},"end":{"line":13,"column":3}},"7":{"start":{"line":12,"column":4},"end":{"line":12,"column":49}}},"fnMap":{"0":{"name":"(anonymous_0)","decl":{"start":{"line":6,"column":15},"end":{"line":6,"column":16}},"loc":{"start":{"line":6,"column":24},"end":{"line":9,"column":1}},"line":6},"1":{"name":"(anonymous_1)","decl":{"start":{"line":11,"column":16},"end":{"line":11,"column":17}},"loc":{"start":{"line":11,"column":22},"end":{"line":13,"column":1}},"line":11}},"branchMap":{},"s":{"0":1,"1":1,"2":1,"3":1,"4":0,"5":0,"6":1,"7":1},"f":{"0":0,"1":1},"b":{},"_coverageSchema":"1a1c01bbd47fc00a2c39e90264f33305004495a9","hash":"de4ccddab606ad09c2e84972b285cc3c77785370"}
,"C:\\progs\\Assassin\\ASSASSIN\\backend\\db\\models\\Doctor.js": {"path":"C:\\progs\\Assassin\\ASSASSIN\\backend\\db\\models\\Doctor.js","statementMap":{"0":{"start":{"line":1,"column":17},"end":{"line":1,"column":36}},"1":{"start":{"line":2,"column":15},"end":{"line":2,"column":32}},"2":{"start":{"line":4,"column":21},"end":{"line":11,"column":2}},"3":{"start":{"line":13,"column":0},"end":{"line":15,"column":2}},"4":{"start":{"line":14,"column":4},"end":{"line":14,"column":57}},"5":{"start":{"line":17,"column":20},"end":{"line":17,"column":58}},"6":{"start":{"line":19,"column":0},"end":{"line":19,"column":29}}},"fnMap":{"0":{"name":"(anonymous_0)","decl":{"start":{"line":13,"column":38},"end":{"line":13,"column":39}},"loc":{"start":{"line":13,"column":64},"end":{"line":15,"column":1}},"line":13}},"branchMap":{},"s":{"0":1,"1":1,"2":1,"3":1,"4":0,"5":1,"6":1},"f":{"0":0},"b":{},"_coverageSchema":"1a1c01bbd47fc00a2c39e90264f33305004495a9","hash":"7685be77d2d45ef4bdcf77833ac8ee86fca3fad5"}
,"C:\\progs\\Assassin\\ASSASSIN\\backend\\db\\models\\Hospital.js": {"path":"C:\\progs\\Assassin\\ASSASSIN\\backend\\db\\models\\Hospital.js","statementMap":{"0":{"start":{"line":1,"column":17},"end":{"line":1,"column":36}},"1":{"start":{"line":3,"column":23},"end":{"line":40,"column":2}},"2":{"start":{"line":10,"column":16},"end":{"line":10,"column":44}},"3":{"start":{"line":42,"column":17},"end":{"line":42,"column":59}},"4":{"start":{"line":44,"column":0},"end":{"line":44,"column":26}}},"fnMap":{"0":{"name":"(anonymous_0)","decl":{"start":{"line":9,"column":23},"end":{"line":9,"column":24}},"loc":{"start":{"line":9,"column":40},"end":{"line":11,"column":13}},"line":9}},"branchMap":{},"s":{"0":1,"1":1,"2":5,"3":1,"4":1},"f":{"0":5},"b":{},"_coverageSchema":"1a1c01bbd47fc00a2c39e90264f33305004495a9","hash":"1d6b0bdb53cb48d48d9cbf9e0a85127646dbca4e"}
,"C:\\progs\\Assassin\\ASSASSIN\\backend\\db\\models\\Order.js": {"path":"C:\\progs\\Assassin\\ASSASSIN\\backend\\db\\models\\Order.js","statementMap":{"0":{"start":{"line":1,"column":17},"end":{"line":1,"column":36}},"1":{"start":{"line":3,"column":20},"end":{"line":37,"column":2}},"2":{"start":{"line":39,"column":14},"end":{"line":39,"column":50}},"3":{"start":{"line":41,"column":0},"end":{"line":41,"column":23}}},"fnMap":{},"branchMap":{},"s":{"0":1,"1":1,"2":1,"3":1},"f":{},"b":{},"_coverageSchema":"1a1c01bbd47fc00a2c39e90264f33305004495a9","hash":"5791cf402b3f238e108da28f2bc178a2e361586c"}
,"C:\\progs\\Assassin\\ASSASSIN\\backend\\db\\models\\Patient.js": {"path":"C:\\progs\\Assassin\\ASSASSIN\\backend\\db\\models\\Patient.js","statementMap":{"0":{"start":{"line":1,"column":17},"end":{"line":1,"column":36}},"1":{"start":{"line":2,"column":15},"end":{"line":2,"column":32}},"2":{"start":{"line":4,"column":22},"end":{"line":38,"column":2}},"3":{"start":{"line":40,"column":0},"end":{"line":42,"column":2}},"4":{"start":{"line":41,"column":4},"end":{"line":41,"column":66}},"5":{"start":{"line":44,"column":21},"end":{"line":44,"column":61}},"6":{"start":{"line":46,"column":0},"end":{"line":46,"column":30}}},"fnMap":{"0":{"name":"(anonymous_0)","decl":{"start":{"line":40,"column":39},"end":{"line":40,"column":40}},"loc":{"start":{"line":40,"column":65},"end":{"line":42,"column":1}},"line":40}},"branchMap":{},"s":{"0":1,"1":1,"2":1,"3":1,"4":0,"5":1,"6":1},"f":{"0":0},"b":{},"_coverageSchema":"1a1c01bbd47fc00a2c39e90264f33305004495a9","hash":"b4fd98f22091c2f05b5d855ab4b6ddc69de7c429"}
,"C:\\progs\\Assassin\\ASSASSIN\\backend\\middleware\\loggerMiddleware.js": {"path":"C:\\progs\\Assassin\\ASSASSIN\\backend\\middleware\\loggerMiddleware.js","statementMap":{"0":{"start":{"line":1,"column":15},"end":{"line":5,"column":1}},"1":{"start":{"line":2,"column":22},"end":{"line":2,"column":49}},"2":{"start":{"line":3,"column":4},"end":{"line":3,"column":81}},"3":{"start":{"line":4,"column":4},"end":{"line":4,"column":11}},"4":{"start":{"line":7,"column":0},"end":{"line":7,"column":24}}},"fnMap":{"0":{"name":"(anonymous_0)","decl":{"start":{"line":1,"column":15},"end":{"line":1,"column":16}},"loc":{"start":{"line":1,"column":35},"end":{"line":5,"column":1}},"line":1}},"branchMap":{},"s":{"0":1,"1":0,"2":0,"3":0,"4":1},"f":{"0":0},"b":{},"_coverageSchema":"1a1c01bbd47fc00a2c39e90264f33305004495a9","hash":"45e08ba712f64d60104922bc5d6868d34104b436"}
,"C:\\progs\\Assassin\\ASSASSIN\\backend\\routes\\authRoutes.js": {"path":"C:\\progs\\Assassin\\ASSASSIN\\backend\\routes\\authRoutes.js","statementMap":{"0":{"start":{"line":1,"column":16},"end":{"line":1,"column":34}},"1":{"start":{"line":2,"column":17},"end":{"line":2,"column":36}},"2":{"start":{"line":3,"column":27},"end":{"line":3,"column":65}},"3":{"start":{"line":5,"column":23},"end":{"line":5,"column":63}},"4":{"start":{"line":7,"column":15},"end":{"line":7,"column":31}},"5":{"start":{"line":9,"column":0},"end":{"line":13,"column":2}},"6":{"start":{"line":15,"column":0},"end":{"line":19,"column":2}},"7":{"start":{"line":21,"column":0},"end":{"line":25,"column":2}},"8":{"start":{"line":27,"column":0},"end":{"line":31,"column":2}},"9":{"start":{"line":34,"column":0},"end":{"line":38,"column":2}},"10":{"start":{"line":40,"column":0},"end":{"line":42,"column":2}},"11":{"start":{"line":44,"column":0},"end":{"line":48,"column":2}},"12":{"start":{"line":52,"column":0},"end":{"line":56,"column":2}},"13":{"start":{"line":59,"column":0},"end":{"line":63,"column":2}},"14":{"start":{"line":65,"column":0},"end":{"line":69,"column":2}},"15":{"start":{"line":71,"column":0},"end":{"line":75,"column":2}},"16":{"start":{"line":78,"column":0},"end":{"line":82,"column":2}},"17":{"start":{"line":84,"column":0},"end":{"line":87,"column":2}},"18":{"start":{"line":89,"column":0},"end":{"line":93,"column":2}},"19":{"start":{"line":95,"column":0},"end":{"line":95,"column":24}}},"fnMap":{},"branchMap":{},"s":{"0":1,"1":1,"2":1,"3":1,"4":1,"5":1,"6":1,"7":1,"8":1,"9":1,"10":1,"11":1,"12":1,"13":1,"14":1,"15":1,"16":1,"17":1,"18":1,"19":1},"f":{},"b":{},"_coverageSchema":"1a1c01bbd47fc00a2c39e90264f33305004495a9","hash":"a969343926c95adcf309dc9ea3cad2f0f683ac02"}
,"C:\\progs\\Assassin\\ASSASSIN\\backend\\routes\\doctorRoutes.js": {"path":"C:\\progs\\Assassin\\ASSASSIN\\backend\\routes\\doctorRoutes.js","statementMap":{"0":{"start":{"line":1,"column":16},"end":{"line":1,"column":34}},"1":{"start":{"line":2,"column":25},"end":{"line":2,"column":67}},"2":{"start":{"line":4,"column":15},"end":{"line":4,"column":31}},"3":{"start":{"line":6,"column":0},"end":{"line":6,"column":55}},"4":{"start":{"line":8,"column":0},"end":{"line":8,"column":59}},"5":{"start":{"line":10,"column":0},"end":{"line":10,"column":55}},"6":{"start":{"line":12,"column":0},"end":{"line":12,"column":61}},"7":{"start":{"line":14,"column":0},"end":{"line":14,"column":56}},"8":{"start":{"line":16,"column":0},"end":{"line":16,"column":24}}},"fnMap":{},"branchMap":{},"s":{"0":1,"1":1,"2":1,"3":1,"4":1,"5":1,"6":1,"7":1,"8":1},"f":{},"b":{},"_coverageSchema":"1a1c01bbd47fc00a2c39e90264f33305004495a9","hash":"18113e1fdf771bb8f02b19c98f5c578155694df9"}
,"C:\\progs\\Assassin\\ASSASSIN\\backend\\routes\\hospitalRoutes.js": {"path":"C:\\progs\\Assassin\\ASSASSIN\\backend\\routes\\hospitalRoutes.js","statementMap":{"0":{"start":{"line":1,"column":16},"end":{"line":1,"column":34}},"1":{"start":{"line":2,"column":27},"end":{"line":2,"column":71}},"2":{"start":{"line":4,"column":15},"end":{"line":4,"column":31}},"3":{"start":{"line":6,"column":0},"end":{"line":6,"column":58}},"4":{"start":{"line":8,"column":0},"end":{"line":8,"column":61}},"5":{"start":{"line":10,"column":0},"end":{"line":10,"column":73}},"6":{"start":{"line":12,"column":0},"end":{"line":12,"column":75}},"7":{"start":{"line":14,"column":0},"end":{"line":14,"column":62}},"8":{"start":{"line":16,"column":0},"end":{"line":16,"column":24}}},"fnMap":{},"branchMap":{},"s":{"0":1,"1":1,"2":1,"3":1,"4":1,"5":1,"6":1,"7":1,"8":1},"f":{},"b":{},"_coverageSchema":"1a1c01bbd47fc00a2c39e90264f33305004495a9","hash":"04aa3e848189e5e6bade41eb5b9614bacbbf1084"}
,"C:\\progs\\Assassin\\ASSASSIN\\backend\\routes\\index.js": {"path":"C:\\progs\\Assassin\\ASSASSIN\\backend\\routes\\index.js","statementMap":{"0":{"start":{"line":1,"column":20},"end":{"line":1,"column":44}},"1":{"start":{"line":2,"column":23},"end":{"line":2,"column":50}},"2":{"start":{"line":3,"column":21},"end":{"line":3,"column":46}},"3":{"start":{"line":4,"column":22},"end":{"line":4,"column":48}},"4":{"start":{"line":5,"column":19},"end":{"line":5,"column":42}},"5":{"start":{"line":6,"column":16},"end":{"line":6,"column":34}},"6":{"start":{"line":8,"column":15},"end":{"line":8,"column":31}},"7":{"start":{"line":9,"column":0},"end":{"line":9,"column":32}},"8":{"start":{"line":10,"column":0},"end":{"line":10,"column":35}},"9":{"start":{"line":11,"column":0},"end":{"line":11,"column":33}},"10":{"start":{"line":12,"column":0},"end":{"line":12,"column":34}},"11":{"start":{"line":13,"column":0},"end":{"line":13,"column":31}},"12":{"start":{"line":15,"column":0},"end":{"line":15,"column":24}}},"fnMap":{},"branchMap":{},"s":{"0":1,"1":1,"2":1,"3":1,"4":1,"5":1,"6":1,"7":1,"8":1,"9":1,"10":1,"11":1,"12":1},"f":{},"b":{},"_coverageSchema":"1a1c01bbd47fc00a2c39e90264f33305004495a9","hash":"ad8bee7e8cfb80c7e8cc2f25eb563557d5eaf1fb"}
,"C:\\progs\\Assassin\\ASSASSIN\\backend\\routes\\orderRoutes.js": {"path":"C:\\progs\\Assassin\\ASSASSIN\\backend\\routes\\orderRoutes.js","statementMap":{"0":{"start":{"line":1,"column":16},"end":{"line":1,"column":34}},"1":{"start":{"line":2,"column":24},"end":{"line":2,"column":65}},"2":{"start":{"line":4,"column":15},"end":{"line":4,"column":31}},"3":{"start":{"line":6,"column":0},"end":{"line":6,"column":61}},"4":{"start":{"line":8,"column":0},"end":{"line":8,"column":70}},"5":{"start":{"line":10,"column":0},"end":{"line":10,"column":76}},"6":{"start":{"line":12,"column":0},"end":{"line":12,"column":67}},"7":{"start":{"line":14,"column":0},"end":{"line":14,"column":24}}},"fnMap":{},"branchMap":{},"s":{"0":1,"1":1,"2":1,"3":1,"4":1,"5":1,"6":1,"7":1},"f":{},"b":{},"_coverageSchema":"1a1c01bbd47fc00a2c39e90264f33305004495a9","hash":"c900101ff21efb75aebb0012f715ecbe959ebced"}
,"C:\\progs\\Assassin\\ASSASSIN\\backend\\routes\\patientRoutes.js": {"path":"C:\\progs\\Assassin\\ASSASSIN\\backend\\routes\\patientRoutes.js","statementMap":{"0":{"start":{"line":1,"column":16},"end":{"line":1,"column":34}},"1":{"start":{"line":2,"column":26},"end":{"line":2,"column":69}},"2":{"start":{"line":4,"column":15},"end":{"line":4,"column":31}},"3":{"start":{"line":6,"column":0},"end":{"line":6,"column":58}},"4":{"start":{"line":8,"column":0},"end":{"line":8,"column":62}},"5":{"start":{"line":10,"column":0},"end":{"line":10,"column":58}},"6":{"start":{"line":12,"column":0},"end":{"line":12,"column":64}},"7":{"start":{"line":14,"column":0},"end":{"line":14,"column":59}},"8":{"start":{"line":16,"column":0},"end":{"line":16,"column":24}}},"fnMap":{},"branchMap":{},"s":{"0":1,"1":1,"2":1,"3":1,"4":1,"5":1,"6":1,"7":1,"8":1},"f":{},"b":{},"_coverageSchema":"1a1c01bbd47fc00a2c39e90264f33305004495a9","hash":"aa01c8cb725b16519a175d36b5fcd5460d00a167"}
,"C:\\progs\\Assassin\\ASSASSIN\\backend\\services\\authService.js": {"path":"C:\\progs\\Assassin\\ASSASSIN\\backend\\services\\authService.js","statementMap":{"0":{"start":{"line":1,"column":12},"end":{"line":1,"column":29}},"1":{"start":{"line":2,"column":15},"end":{"line":2,"column":32}},"2":{"start":{"line":3,"column":12},"end":{"line":3,"column":35}},"3":{"start":{"line":4,"column":26},"end":{"line":4,"column":43}},"4":{"start":{"line":5,"column":15},"end":{"line":5,"column":32}},"5":{"start":{"line":7,"column":23},"end":{"line":14,"column":1}},"6":{"start":{"line":8,"column":4},"end":{"line":13,"column":5}},"7":{"start":{"line":16,"column":21},"end":{"line":18,"column":1}},"8":{"start":{"line":17,"column":4},"end":{"line":17,"column":43}},"9":{"start":{"line":20,"column":21},"end":{"line":28,"column":1}},"10":{"start":{"line":21,"column":4},"end":{"line":27,"column":5}},"11":{"start":{"line":30,"column":23},"end":{"line":32,"column":1}},"12":{"start":{"line":31,"column":4},"end":{"line":31,"column":42}},"13":{"start":{"line":34,"column":23},"end":{"line":38,"column":1}},"14":{"start":{"line":35,"column":4},"end":{"line":37,"column":9}},"15":{"start":{"line":40,"column":23},"end":{"line":45,"column":1}},"16":{"start":{"line":41,"column":4},"end":{"line":44,"column":9}},"17":{"start":{"line":47,"column":27},"end":{"line":49,"column":1}},"18":{"start":{"line":48,"column":4},"end":{"line":48,"column":45}},"19":{"start":{"line":51,"column":0},"end":{"line":59,"column":2}}},"fnMap":{"0":{"name":"(anonymous_0)","decl":{"start":{"line":7,"column":23},"end":{"line":7,"column":24}},"loc":{"start":{"line":7,"column":33},"end":{"line":14,"column":1}},"line":7},"1":{"name":"(anonymous_1)","decl":{"start":{"line":16,"column":21},"end":{"line":16,"column":22}},"loc":{"start":{"line":16,"column":41},"end":{"line":18,"column":1}},"line":16},"2":{"name":"(anonymous_2)","decl":{"start":{"line":20,"column":21},"end":{"line":20,"column":22}},"loc":{"start":{"line":20,"column":31},"end":{"line":28,"column":1}},"line":20},"3":{"name":"(anonymous_3)","decl":{"start":{"line":30,"column":23},"end":{"line":30,"column":24}},"loc":{"start":{"line":30,"column":35},"end":{"line":32,"column":1}},"line":30},"4":{"name":"(anonymous_4)","decl":{"start":{"line":34,"column":23},"end":{"line":34,"column":24}},"loc":{"start":{"line":34,"column":57},"end":{"line":38,"column":1}},"line":34},"5":{"name":"(anonymous_5)","decl":{"start":{"line":40,"column":23},"end":{"line":40,"column":24}},"loc":{"start":{"line":40,"column":34},"end":{"line":45,"column":1}},"line":40},"6":{"name":"(anonymous_6)","decl":{"start":{"line":47,"column":27},"end":{"line":47,"column":28}},"loc":{"start":{"line":47,"column":46},"end":{"line":49,"column":1}},"line":47}},"branchMap":{},"s":{"0":1,"1":1,"2":1,"3":1,"4":1,"5":1,"6":0,"7":1,"8":4,"9":1,"10":0,"11":1,"12":0,"13":1,"14":0,"15":1,"16":0,"17":1,"18":0,"19":1},"f":{"0":0,"1":4,"2":0,"3":0,"4":0,"5":0,"6":0},"b":{},"_coverageSchema":"1a1c01bbd47fc00a2c39e90264f33305004495a9","hash":"40e8dfe5006aec68d9f2585b19073f38e89ddc65"}
,"C:\\progs\\Assassin\\ASSASSIN\\backend\\services\\doctorService.js": {"path":"C:\\progs\\Assassin\\ASSASSIN\\backend\\services\\doctorService.js","statementMap":{"0":{"start":{"line":1,"column":20},"end":{"line":1,"column":50}},"1":{"start":{"line":2,"column":22},"end":{"line":2,"column":54}},"2":{"start":{"line":4,"column":22},"end":{"line":6,"column":1}},"3":{"start":{"line":5,"column":4},"end":{"line":5,"column":58}},"4":{"start":{"line":8,"column":27},"end":{"line":10,"column":1}},"5":{"start":{"line":9,"column":4},"end":{"line":9,"column":46}},"6":{"start":{"line":12,"column":21},"end":{"line":15,"column":1}},"7":{"start":{"line":13,"column":17},"end":{"line":13,"column":44}},"8":{"start":{"line":14,"column":4},"end":{"line":14,"column":18}},"9":{"start":{"line":17,"column":25},"end":{"line":29,"column":1}},"10":{"start":{"line":18,"column":21},"end":{"line":18,"column":96}},"11":{"start":{"line":19,"column":4},"end":{"line":21,"column":5}},"12":{"start":{"line":20,"column":8},"end":{"line":20,"column":20}},"13":{"start":{"line":22,"column":22},"end":{"line":27,"column":6}},"14":{"start":{"line":28,"column":4},"end":{"line":28,"column":21}},"15":{"start":{"line":31,"column":22},"end":{"line":33,"column":1}},"16":{"start":{"line":32,"column":4},"end":{"line":32,"column":70}},"17":{"start":{"line":35,"column":21},"end":{"line":41,"column":1}},"18":{"start":{"line":36,"column":17},"end":{"line":36,"column":46}},"19":{"start":{"line":37,"column":4},"end":{"line":39,"column":5}},"20":{"start":{"line":38,"column":8},"end":{"line":38,"column":20}},"21":{"start":{"line":40,"column":4},"end":{"line":40,"column":57}},"22":{"start":{"line":43,"column":25},"end":{"line":45,"column":1}},"23":{"start":{"line":44,"column":4},"end":{"line":44,"column":66}},"24":{"start":{"line":47,"column":0},"end":{"line":55,"column":1}}},"fnMap":{"0":{"name":"(anonymous_0)","decl":{"start":{"line":4,"column":22},"end":{"line":4,"column":23}},"loc":{"start":{"line":4,"column":34},"end":{"line":6,"column":1}},"line":4},"1":{"name":"(anonymous_1)","decl":{"start":{"line":8,"column":27},"end":{"line":8,"column":28}},"loc":{"start":{"line":8,"column":46},"end":{"line":10,"column":1}},"line":8},"2":{"name":"(anonymous_2)","decl":{"start":{"line":12,"column":21},"end":{"line":12,"column":22}},"loc":{"start":{"line":12,"column":43},"end":{"line":15,"column":1}},"line":12},"3":{"name":"(anonymous_3)","decl":{"start":{"line":17,"column":25},"end":{"line":17,"column":26}},"loc":{"start":{"line":17,"column":54},"end":{"line":29,"column":1}},"line":17},"4":{"name":"(anonymous_4)","decl":{"start":{"line":31,"column":22},"end":{"line":31,"column":23}},"loc":{"start":{"line":31,"column":42},"end":{"line":33,"column":1}},"line":31},"5":{"name":"(anonymous_5)","decl":{"start":{"line":35,"column":21},"end":{"line":35,"column":22}},"loc":{"start":{"line":35,"column":41},"end":{"line":41,"column":1}},"line":35},"6":{"name":"(anonymous_6)","decl":{"start":{"line":43,"column":25},"end":{"line":43,"column":26}},"loc":{"start":{"line":43,"column":42},"end":{"line":45,"column":1}},"line":43}},"branchMap":{"0":{"loc":{"start":{"line":19,"column":4},"end":{"line":21,"column":5}},"type":"if","locations":[{"start":{"line":19,"column":4},"end":{"line":21,"column":5}},{"start":{},"end":{}}],"line":19},"1":{"loc":{"start":{"line":37,"column":4},"end":{"line":39,"column":5}},"type":"if","locations":[{"start":{"line":37,"column":4},"end":{"line":39,"column":5}},{"start":{},"end":{}}],"line":37}},"s":{"0":1,"1":1,"2":1,"3":0,"4":1,"5":0,"6":1,"7":0,"8":0,"9":1,"10":0,"11":0,"12":0,"13":0,"14":0,"15":1,"16":0,"17":1,"18":0,"19":0,"20":0,"21":0,"22":1,"23":0,"24":1},"f":{"0":0,"1":0,"2":0,"3":0,"4":0,"5":0,"6":0},"b":{"0":[0,0],"1":[0,0]},"_coverageSchema":"1a1c01bbd47fc00a2c39e90264f33305004495a9","hash":"2447e48ec7aa1983914702fc34e66a9d39bfda9d"}
,"C:\\progs\\Assassin\\ASSASSIN\\backend\\services\\hospitalService.js": {"path":"C:\\progs\\Assassin\\ASSASSIN\\backend\\services\\hospitalService.js","statementMap":{"0":{"start":{"line":1,"column":17},"end":{"line":1,"column":49}},"1":{"start":{"line":2,"column":20},"end":{"line":2,"column":44}},"2":{"start":{"line":4,"column":23},"end":{"line":8,"column":1}},"3":{"start":{"line":5,"column":4},"end":{"line":5,"column":100}},"4":{"start":{"line":6,"column":24},"end":{"line":6,"column":50}},"5":{"start":{"line":7,"column":4},"end":{"line":7,"column":23}},"6":{"start":{"line":9,"column":24},"end":{"line":11,"column":1}},"7":{"start":{"line":10,"column":4},"end":{"line":10,"column":33}},"8":{"start":{"line":13,"column":24},"end":{"line":15,"column":1}},"9":{"start":{"line":14,"column":4},"end":{"line":14,"column":47}},"10":{"start":{"line":17,"column":23},"end":{"line":19,"column":1}},"11":{"start":{"line":18,"column":4},"end":{"line":18,"column":56}},"12":{"start":{"line":21,"column":21},"end":{"line":26,"column":1}},"13":{"start":{"line":22,"column":4},"end":{"line":25,"column":7}},"14":{"start":{"line":29,"column":0},"end":{"line":35,"column":1}}},"fnMap":{"0":{"name":"(anonymous_0)","decl":{"start":{"line":4,"column":23},"end":{"line":4,"column":24}},"loc":{"start":{"line":4,"column":47},"end":{"line":8,"column":1}},"line":4},"1":{"name":"(anonymous_1)","decl":{"start":{"line":9,"column":24},"end":{"line":9,"column":25}},"loc":{"start":{"line":9,"column":36},"end":{"line":11,"column":1}},"line":9},"2":{"name":"(anonymous_2)","decl":{"start":{"line":13,"column":24},"end":{"line":13,"column":25}},"loc":{"start":{"line":13,"column":46},"end":{"line":15,"column":1}},"line":13},"3":{"name":"(anonymous_3)","decl":{"start":{"line":17,"column":23},"end":{"line":17,"column":24}},"loc":{"start":{"line":17,"column":45},"end":{"line":19,"column":1}},"line":17},"4":{"name":"(anonymous_4)","decl":{"start":{"line":21,"column":21},"end":{"line":21,"column":22}},"loc":{"start":{"line":21,"column":57},"end":{"line":26,"column":1}},"line":21}},"branchMap":{},"s":{"0":1,"1":1,"2":1,"3":4,"4":4,"5":4,"6":1,"7":1,"8":1,"9":3,"10":1,"11":2,"12":1,"13":1,"14":1},"f":{"0":4,"1":1,"2":3,"3":2,"4":1},"b":{},"_coverageSchema":"1a1c01bbd47fc00a2c39e90264f33305004495a9","hash":"3958ad101a96e765550aa38ff2d757266eba4c0f"}
,"C:\\progs\\Assassin\\ASSASSIN\\backend\\services\\orderService.js": {"path":"C:\\progs\\Assassin\\ASSASSIN\\backend\\services\\orderService.js","statementMap":{"0":{"start":{"line":1,"column":17},"end":{"line":1,"column":36}},"1":{"start":{"line":2,"column":14},"end":{"line":2,"column":43}},"2":{"start":{"line":4,"column":18},"end":{"line":19,"column":1}},"3":{"start":{"line":5,"column":4},"end":{"line":7,"column":5}},"4":{"start":{"line":6,"column":8},"end":{"line":6,"column":47}},"5":{"start":{"line":8,"column":4},"end":{"line":10,"column":5}},"6":{"start":{"line":9,"column":8},"end":{"line":9,"column":43}},"7":{"start":{"line":11,"column":4},"end":{"line":13,"column":5}},"8":{"start":{"line":12,"column":8},"end":{"line":12,"column":45}},"9":{"start":{"line":14,"column":4},"end":{"line":16,"column":5}},"10":{"start":{"line":15,"column":8},"end":{"line":15,"column":45}},"11":{"start":{"line":17,"column":4},"end":{"line":17,"column":40}},"12":{"start":{"line":18,"column":4},"end":{"line":18,"column":24}},"13":{"start":{"line":21,"column":20},"end":{"line":23,"column":1}},"14":{"start":{"line":22,"column":4},"end":{"line":22,"column":50}},"15":{"start":{"line":25,"column":21},"end":{"line":27,"column":1}},"16":{"start":{"line":26,"column":4},"end":{"line":26,"column":41}},"17":{"start":{"line":29,"column":23},"end":{"line":31,"column":1}},"18":{"start":{"line":30,"column":4},"end":{"line":30,"column":46}},"19":{"start":{"line":33,"column":20},"end":{"line":36,"column":1}},"20":{"start":{"line":34,"column":21},"end":{"line":34,"column":37}},"21":{"start":{"line":35,"column":4},"end":{"line":35,"column":20}},"22":{"start":{"line":38,"column":0},"end":{"line":44,"column":1}}},"fnMap":{"0":{"name":"(anonymous_0)","decl":{"start":{"line":4,"column":18},"end":{"line":4,"column":19}},"loc":{"start":{"line":4,"column":49},"end":{"line":19,"column":1}},"line":4},"1":{"name":"(anonymous_1)","decl":{"start":{"line":21,"column":20},"end":{"line":21,"column":21}},"loc":{"start":{"line":21,"column":39},"end":{"line":23,"column":1}},"line":21},"2":{"name":"(anonymous_2)","decl":{"start":{"line":25,"column":21},"end":{"line":25,"column":22}},"loc":{"start":{"line":25,"column":40},"end":{"line":27,"column":1}},"line":25},"3":{"name":"(anonymous_3)","decl":{"start":{"line":29,"column":23},"end":{"line":29,"column":24}},"loc":{"start":{"line":29,"column":31},"end":{"line":31,"column":1}},"line":29},"4":{"name":"(anonymous_4)","decl":{"start":{"line":33,"column":20},"end":{"line":33,"column":21}},"loc":{"start":{"line":33,"column":37},"end":{"line":36,"column":1}},"line":33}},"branchMap":{"0":{"loc":{"start":{"line":5,"column":4},"end":{"line":7,"column":5}},"type":"if","locations":[{"start":{"line":5,"column":4},"end":{"line":7,"column":5}},{"start":{},"end":{}}],"line":5},"1":{"loc":{"start":{"line":8,"column":4},"end":{"line":10,"column":5}},"type":"if","locations":[{"start":{"line":8,"column":4},"end":{"line":10,"column":5}},{"start":{},"end":{}}],"line":8},"2":{"loc":{"start":{"line":11,"column":4},"end":{"line":13,"column":5}},"type":"if","locations":[{"start":{"line":11,"column":4},"end":{"line":13,"column":5}},{"start":{},"end":{}}],"line":11},"3":{"loc":{"start":{"line":14,"column":4},"end":{"line":16,"column":5}},"type":"if","locations":[{"start":{"line":14,"column":4},"end":{"line":16,"column":5}},{"start":{},"end":{}}],"line":14}},"s":{"0":1,"1":1,"2":1,"3":0,"4":0,"5":0,"6":0,"7":0,"8":0,"9":0,"10":0,"11":0,"12":0,"13":1,"14":0,"15":1,"16":0,"17":1,"18":0,"19":1,"20":0,"21":0,"22":1},"f":{"0":0,"1":0,"2":0,"3":0,"4":0},"b":{"0":[0,0],"1":[0,0],"2":[0,0],"3":[0,0]},"_coverageSchema":"1a1c01bbd47fc00a2c39e90264f33305004495a9","hash":"c9ad531ed4e794282c1f30c8c85e350e2eec41d2"}
,"C:\\progs\\Assassin\\ASSASSIN\\backend\\services\\passportService.js": {"path":"C:\\progs\\Assassin\\ASSASSIN\\backend\\services\\passportService.js","statementMap":{"0":{"start":{"line":1,"column":17},"end":{"line":1,"column":36}},"1":{"start":{"line":2,"column":19},"end":{"line":2,"column":53}},"2":{"start":{"line":3,"column":20},"end":{"line":3,"column":52}},"3":{"start":{"line":4,"column":22},"end":{"line":4,"column":56}},"4":{"start":{"line":6,"column":23},"end":{"line":6,"column":60}},"5":{"start":{"line":7,"column":22},"end":{"line":7,"column":58}},"6":{"start":{"line":9,"column":12},"end":{"line":9,"column":29}},"7":{"start":{"line":10,"column":15},"end":{"line":10,"column":32}},"8":{"start":{"line":12,"column":0},"end":{"line":45,"column":2}},"9":{"start":{"line":21,"column":12},"end":{"line":42,"column":13}},"10":{"start":{"line":22,"column":38},"end":{"line":22,"column":83}},"11":{"start":{"line":23,"column":16},"end":{"line":27,"column":17}},"12":{"start":{"line":24,"column":20},"end":{"line":26,"column":23}},"13":{"start":{"line":28,"column":39},"end":{"line":28,"column":70}},"14":{"start":{"line":30,"column":29},"end":{"line":33,"column":18}},"15":{"start":{"line":34,"column":16},"end":{"line":34,"column":34}},"16":{"start":{"line":36,"column":16},"end":{"line":38,"column":19}},"17":{"start":{"line":40,"column":16},"end":{"line":40,"column":37}},"18":{"start":{"line":41,"column":16},"end":{"line":41,"column":35}},"19":{"start":{"line":47,"column":0},"end":{"line":79,"column":2}},"20":{"start":{"line":56,"column":12},"end":{"line":76,"column":13}},"21":{"start":{"line":57,"column":29},"end":{"line":57,"column":74}},"22":{"start":{"line":58,"column":16},"end":{"line":62,"column":17}},"23":{"start":{"line":59,"column":20},"end":{"line":61,"column":23}},"24":{"start":{"line":63,"column":33},"end":{"line":63,"column":68}},"25":{"start":{"line":65,"column":16},"end":{"line":69,"column":17}},"26":{"start":{"line":66,"column":20},"end":{"line":68,"column":23}},"27":{"start":{"line":71,"column":16},"end":{"line":73,"column":19}},"28":{"start":{"line":75,"column":16},"end":{"line":75,"column":35}},"29":{"start":{"line":81,"column":0},"end":{"line":103,"column":2}},"30":{"start":{"line":89,"column":12},"end":{"line":100,"column":13}},"31":{"start":{"line":90,"column":29},"end":{"line":90,"column":79}},"32":{"start":{"line":91,"column":16},"end":{"line":93,"column":17}},"33":{"start":{"line":92,"column":20},"end":{"line":92,"column":45}},"34":{"start":{"line":94,"column":16},"end":{"line":97,"column":19}},"35":{"start":{"line":99,"column":16},"end":{"line":99,"column":35}},"36":{"start":{"line":106,"column":0},"end":{"line":145,"column":2}},"37":{"start":{"line":115,"column":12},"end":{"line":142,"column":13}},"38":{"start":{"line":116,"column":38},"end":{"line":116,"column":81}},"39":{"start":{"line":117,"column":16},"end":{"line":121,"column":17}},"40":{"start":{"line":118,"column":20},"end":{"line":120,"column":23}},"41":{"start":{"line":122,"column":39},"end":{"line":122,"column":70}},"42":{"start":{"line":124,"column":29},"end":{"line":127,"column":18}},"43":{"start":{"line":129,"column":16},"end":{"line":133,"column":17}},"44":{"start":{"line":130,"column":20},"end":{"line":132,"column":23}},"45":{"start":{"line":134,"column":16},"end":{"line":134,"column":34}},"46":{"start":{"line":136,"column":16},"end":{"line":138,"column":19}},"47":{"start":{"line":140,"column":16},"end":{"line":140,"column":37}},"48":{"start":{"line":141,"column":16},"end":{"line":141,"column":35}},"49":{"start":{"line":147,"column":0},"end":{"line":179,"column":2}},"50":{"start":{"line":156,"column":12},"end":{"line":176,"column":13}},"51":{"start":{"line":157,"column":29},"end":{"line":157,"column":66}},"52":{"start":{"line":158,"column":16},"end":{"line":162,"column":17}},"53":{"start":{"line":159,"column":20},"end":{"line":161,"column":23}},"54":{"start":{"line":163,"column":33},"end":{"line":163,"column":68}},"55":{"start":{"line":165,"column":16},"end":{"line":169,"column":17}},"56":{"start":{"line":166,"column":20},"end":{"line":168,"column":23}},"57":{"start":{"line":171,"column":16},"end":{"line":173,"column":19}},"58":{"start":{"line":175,"column":16},"end":{"line":175,"column":35}},"59":{"start":{"line":181,"column":0},"end":{"line":203,"column":2}},"60":{"start":{"line":189,"column":12},"end":{"line":200,"column":13}},"61":{"start":{"line":190,"column":29},"end":{"line":190,"column":77}},"62":{"start":{"line":191,"column":16},"end":{"line":193,"column":17}},"63":{"start":{"line":192,"column":20},"end":{"line":192,"column":45}},"64":{"start":{"line":194,"column":16},"end":{"line":197,"column":19}},"65":{"start":{"line":199,"column":16},"end":{"line":199,"column":35}}},"fnMap":{"0":{"name":"(anonymous_0)","decl":{"start":{"line":20,"column":8},"end":{"line":20,"column":9}},"loc":{"start":{"line":20,"column":46},"end":{"line":43,"column":9}},"line":20},"1":{"name":"(anonymous_1)","decl":{"start":{"line":55,"column":8},"end":{"line":55,"column":9}},"loc":{"start":{"line":55,"column":46},"end":{"line":77,"column":9}},"line":55},"2":{"name":"(anonymous_2)","decl":{"start":{"line":88,"column":8},"end":{"line":88,"column":9}},"loc":{"start":{"line":88,"column":31},"end":{"line":101,"column":9}},"line":88},"3":{"name":"(anonymous_3)","decl":{"start":{"line":114,"column":8},"end":{"line":114,"column":9}},"loc":{"start":{"line":114,"column":46},"end":{"line":143,"column":9}},"line":114},"4":{"name":"(anonymous_4)","decl":{"start":{"line":155,"column":8},"end":{"line":155,"column":9}},"loc":{"start":{"line":155,"column":46},"end":{"line":177,"column":9}},"line":155},"5":{"name":"(anonymous_5)","decl":{"start":{"line":188,"column":8},"end":{"line":188,"column":9}},"loc":{"start":{"line":188,"column":31},"end":{"line":201,"column":9}},"line":188}},"branchMap":{"0":{"loc":{"start":{"line":23,"column":16},"end":{"line":27,"column":17}},"type":"if","locations":[{"start":{"line":23,"column":16},"end":{"line":27,"column":17}},{"start":{},"end":{}}],"line":23},"1":{"loc":{"start":{"line":58,"column":16},"end":{"line":62,"column":17}},"type":"if","locations":[{"start":{"line":58,"column":16},"end":{"line":62,"column":17}},{"start":{},"end":{}}],"line":58},"2":{"loc":{"start":{"line":65,"column":16},"end":{"line":69,"column":17}},"type":"if","locations":[{"start":{"line":65,"column":16},"end":{"line":69,"column":17}},{"start":{},"end":{}}],"line":65},"3":{"loc":{"start":{"line":91,"column":16},"end":{"line":93,"column":17}},"type":"if","locations":[{"start":{"line":91,"column":16},"end":{"line":93,"column":17}},{"start":{},"end":{}}],"line":91},"4":{"loc":{"start":{"line":117,"column":16},"end":{"line":121,"column":17}},"type":"if","locations":[{"start":{"line":117,"column":16},"end":{"line":121,"column":17}},{"start":{},"end":{}}],"line":117},"5":{"loc":{"start":{"line":129,"column":16},"end":{"line":133,"column":17}},"type":"if","locations":[{"start":{"line":129,"column":16},"end":{"line":133,"column":17}},{"start":{},"end":{}}],"line":129},"6":{"loc":{"start":{"line":158,"column":16},"end":{"line":162,"column":17}},"type":"if","locations":[{"start":{"line":158,"column":16},"end":{"line":162,"column":17}},{"start":{},"end":{}}],"line":158},"7":{"loc":{"start":{"line":165,"column":16},"end":{"line":169,"column":17}},"type":"if","locations":[{"start":{"line":165,"column":16},"end":{"line":169,"column":17}},{"start":{},"end":{}}],"line":165},"8":{"loc":{"start":{"line":191,"column":16},"end":{"line":193,"column":17}},"type":"if","locations":[{"start":{"line":191,"column":16},"end":{"line":193,"column":17}},{"start":{},"end":{}}],"line":191}},"s":{"0":1,"1":1,"2":1,"3":1,"4":1,"5":1,"6":1,"7":1,"8":1,"9":0,"10":0,"11":0,"12":0,"13":0,"14":0,"15":0,"16":0,"17":0,"18":0,"19":1,"20":0,"21":0,"22":0,"23":0,"24":0,"25":0,"26":0,"27":0,"28":0,"29":1,"30":0,"31":0,"32":0,"33":0,"34":0,"35":0,"36":1,"37":0,"38":0,"39":0,"40":0,"41":0,"42":0,"43":0,"44":0,"45":0,"46":0,"47":0,"48":0,"49":1,"50":0,"51":0,"52":0,"53":0,"54":0,"55":0,"56":0,"57":0,"58":0,"59":1,"60":0,"61":0,"62":0,"63":0,"64":0,"65":0},"f":{"0":0,"1":0,"2":0,"3":0,"4":0,"5":0},"b":{"0":[0,0],"1":[0,0],"2":[0,0],"3":[0,0],"4":[0,0],"5":[0,0],"6":[0,0],"7":[0,0],"8":[0,0]},"_coverageSchema":"1a1c01bbd47fc00a2c39e90264f33305004495a9","hash":"557db1377a083c27f55a787ad8672b30f3c5698a"}
,"C:\\progs\\Assassin\\ASSASSIN\\backend\\services\\patientService.js": {"path":"C:\\progs\\Assassin\\ASSASSIN\\backend\\services\\patientService.js","statementMap":{"0":{"start":{"line":1,"column":17},"end":{"line":1,"column":36}},"1":{"start":{"line":2,"column":21},"end":{"line":2,"column":52}},"2":{"start":{"line":4,"column":30},"end":{"line":6,"column":1}},"3":{"start":{"line":5,"column":4},"end":{"line":5,"column":71}},"4":{"start":{"line":8,"column":22},"end":{"line":14,"column":1}},"5":{"start":{"line":9,"column":23},"end":{"line":12,"column":72}},"6":{"start":{"line":13,"column":4},"end":{"line":13,"column":22}},"7":{"start":{"line":16,"column":26},"end":{"line":20,"column":1}},"8":{"start":{"line":17,"column":23},"end":{"line":18,"column":54}},"9":{"start":{"line":19,"column":4},"end":{"line":19,"column":22}},"10":{"start":{"line":22,"column":23},"end":{"line":24,"column":1}},"11":{"start":{"line":23,"column":4},"end":{"line":23,"column":46}},"12":{"start":{"line":26,"column":23},"end":{"line":28,"column":1}},"13":{"start":{"line":27,"column":4},"end":{"line":27,"column":37}},"14":{"start":{"line":30,"column":23},"end":{"line":32,"column":1}},"15":{"start":{"line":31,"column":4},"end":{"line":31,"column":50}},"16":{"start":{"line":34,"column":22},"end":{"line":36,"column":1}},"17":{"start":{"line":35,"column":4},"end":{"line":35,"column":59}},"18":{"start":{"line":38,"column":20},"end":{"line":52,"column":1}},"19":{"start":{"line":39,"column":4},"end":{"line":41,"column":5}},"20":{"start":{"line":40,"column":8},"end":{"line":40,"column":36}},"21":{"start":{"line":43,"column":4},"end":{"line":45,"column":5}},"22":{"start":{"line":44,"column":8},"end":{"line":44,"column":42}},"23":{"start":{"line":47,"column":4},"end":{"line":49,"column":5}},"24":{"start":{"line":48,"column":8},"end":{"line":48,"column":44}},"25":{"start":{"line":51,"column":4},"end":{"line":51,"column":27}},"26":{"start":{"line":54,"column":26},"end":{"line":56,"column":1}},"27":{"start":{"line":55,"column":4},"end":{"line":55,"column":67}},"28":{"start":{"line":59,"column":0},"end":{"line":69,"column":1}}},"fnMap":{"0":{"name":"(anonymous_0)","decl":{"start":{"line":4,"column":30},"end":{"line":4,"column":31}},"loc":{"start":{"line":4,"column":51},"end":{"line":6,"column":1}},"line":4},"1":{"name":"(anonymous_1)","decl":{"start":{"line":8,"column":22},"end":{"line":8,"column":23}},"loc":{"start":{"line":8,"column":59},"end":{"line":14,"column":1}},"line":8},"2":{"name":"(anonymous_2)","decl":{"start":{"line":16,"column":26},"end":{"line":16,"column":27}},"loc":{"start":{"line":16,"column":55},"end":{"line":20,"column":1}},"line":16},"3":{"name":"(anonymous_3)","decl":{"start":{"line":22,"column":23},"end":{"line":22,"column":24}},"loc":{"start":{"line":22,"column":31},"end":{"line":24,"column":1}},"line":22},"4":{"name":"(anonymous_4)","decl":{"start":{"line":26,"column":23},"end":{"line":26,"column":24}},"loc":{"start":{"line":26,"column":35},"end":{"line":28,"column":1}},"line":26},"5":{"name":"(anonymous_5)","decl":{"start":{"line":30,"column":23},"end":{"line":30,"column":24}},"loc":{"start":{"line":30,"column":44},"end":{"line":32,"column":1}},"line":30},"6":{"name":"(anonymous_6)","decl":{"start":{"line":34,"column":22},"end":{"line":34,"column":23}},"loc":{"start":{"line":34,"column":43},"end":{"line":36,"column":1}},"line":34},"7":{"name":"(anonymous_7)","decl":{"start":{"line":38,"column":20},"end":{"line":38,"column":21}},"loc":{"start":{"line":38,"column":68},"end":{"line":52,"column":1}},"line":38},"8":{"name":"(anonymous_8)","decl":{"start":{"line":54,"column":26},"end":{"line":54,"column":27}},"loc":{"start":{"line":54,"column":43},"end":{"line":56,"column":1}},"line":54}},"branchMap":{"0":{"loc":{"start":{"line":39,"column":4},"end":{"line":41,"column":5}},"type":"if","locations":[{"start":{"line":39,"column":4},"end":{"line":41,"column":5}},{"start":{},"end":{}}],"line":39},"1":{"loc":{"start":{"line":43,"column":4},"end":{"line":45,"column":5}},"type":"if","locations":[{"start":{"line":43,"column":4},"end":{"line":45,"column":5}},{"start":{},"end":{}}],"line":43},"2":{"loc":{"start":{"line":47,"column":4},"end":{"line":49,"column":5}},"type":"if","locations":[{"start":{"line":47,"column":4},"end":{"line":49,"column":5}},{"start":{},"end":{}}],"line":47}},"s":{"0":1,"1":1,"2":1,"3":0,"4":1,"5":0,"6":0,"7":1,"8":0,"9":0,"10":1,"11":0,"12":1,"13":0,"14":1,"15":0,"16":1,"17":0,"18":1,"19":0,"20":0,"21":0,"22":0,"23":0,"24":0,"25":0,"26":1,"27":0,"28":1},"f":{"0":0,"1":0,"2":0,"3":0,"4":0,"5":0,"6":0,"7":0,"8":0},"b":{"0":[0,0],"1":[0,0],"2":[0,0]},"_coverageSchema":"1a1c01bbd47fc00a2c39e90264f33305004495a9","hash":"686cca551f4a62df6700316ff7e32e8c3cce8dab"}
}
